{"C:\\Users\\Dennis\\Documents\\To-Do-list-microverse\\src\\myfunct.js": {"path":"C:\\Users\\Dennis\\Documents\\To-Do-list-microverse\\src\\myfunct.js","statementMap":{"0":{"start":{"line":2,"column":2},"end":{"line":2,"column":15}},"1":{"start":{"line":5,"column":0},"end":{"line":5,"column":25}}},"fnMap":{"0":{"name":"myfunct","decl":{"start":{"line":1,"column":9},"end":{"line":1,"column":16}},"loc":{"start":{"line":1,"column":23},"end":{"line":3,"column":1}},"line":1}},"branchMap":{},"s":{"0":1,"1":1},"f":{"0":1},"b":{},"_coverageSchema":"1a1c01bbd47fc00a2c39e90264f33305004495a9","hash":"f2436ec7bf6c7fe69eee279bb83162dbb4b7bfaf"}
}
